<?xml version="1.0" encoding="UTF-8"?>
<!-- Generated by org.testng.reporters.JUnitReportReporter -->
<testsuite hostname="Artem-HP" name="solovei.grid.SeleniumGridTestNG" tests="1" failures="0" timestamp="20 Apr 2016 09:01:48 GMT" time="14.665" errors="0">
  <testcase name="testFirefox" time="14.665" classname="solovei.grid.SeleniumGridTestNG"/>
</testsuite> <!-- solovei.grid.SeleniumGridTestNG -->
